UG to IGES
! INFO-     NX V10.0 / IGES Specification 5.3
! INFO-      
! INFO-     Start of Translation: 29-JAN-2017  12:52:19 PM
! INFO-      
! STATUS-   Converting Part: C:\Users\Amit\Desktop\work\Project\Tailstock Assembly\part4.prt
! SUMMARY-   
! SUMMARY-  Summary of Unigraphics Input Entities
! SUMMARY-  For Part: C:\Users\Amit\Desktop\work\Project\Tailstock Assembly\part4.prt 
! SUMMARY-  Entities Processed             Count
! SUMMARY-  ------------------             -----
! SUMMARY-  Point .......................:     1
! SUMMARY-  Line ........................:    50
! SUMMARY-  Arc/Circle ..................:    27
! SUMMARY-  B-Curve .....................:    55
! SUMMARY-  Part Attribute ..............:     1
! SUMMARY-  Layer Category ..............:     6
! SUMMARY-  Font ........................:     2
! SUMMARY-  Color Table .................:     2
! SUMMARY-  Coordinate System ...........:     2
! SUMMARY-  Parameter ...................:     2
! SUMMARY-  Matrix ......................:    11
! SUMMARY-  View ........................:     8
! SUMMARY-  Layout ......................:     5
! SUMMARY-  Solid .......................:
! SUMMARY-     Face .....................:    15
! SUMMARY-  Trim Curve ..................:    18
! SUMMARY-                                 -----
! SUMMARY-  Total                            205
! STATUS-    
! STATUS-   Converting to Output Form (Phase 2 of 3): 29-JAN-2017 12:52:19 PM
! STATUS-    
! STATUS-   Creating the IGES file (Phase 3 of 3): 29-JAN-2017  12:52:19 PM
! SUMMARY-   
! SUMMARY-  Summary of IGES Output Entities
! SUMMARY-   
! SUMMARY-  Entities Processed             Count
! SUMMARY-  ------------------             -----
! SUMMARY-  Point ........................     1
! SUMMARY-  Arc ..........................    27
! SUMMARY-  Line .........................    36
! SUMMARY-  BSpline Curve ................    41
! SUMMARY-  Composite Curve ..............    16
! SUMMARY-  Curve on Surface .............    15
! SUMMARY-  Plane ........................
! SUMMARY-      Unbounded ................    32
! SUMMARY-  Trimmed Surface ..............    12
! SUMMARY-  BSpline Surface ..............    15
! SUMMARY-  Color ........................     3
! SUMMARY-  Name .........................    26
! SUMMARY-  Transformation ...............     9
! SUMMARY-  Definition Levels ............     5
! SUMMARY-  Level Function ...............     5
! SUMMARY-  View .........................     8
! SUMMARY-                                 -----
! SUMMARY-  Total                            251
! INFO-      
! INFO-     End of Translation: 29-JAN-2017  12:52:19 PM
! INFO-      
