INFO-
INFO-		Unigraphics Version NX V10.0 to AutoCAD 2004
INFO-		
INFO-
INFO-		Running UGTODXF Translator .....
INFO-
INFO-		Start of Translation: Sun Jan 29 12:51:10 2017
INFO-
STATUS-		Converting C:\Users\Amit\Desktop\work\Project\Tailstock Assembly\part3.prt
STATUS-
SUMMARY-
SUMMARY-	Summary of Unigraphics Input Entities
SUMMARY-	For Unigraphics File: C:\Users\Amit\Desktop\work\Project\Tailstock Assembly\part3.prt
SUMMARY-	------------------------------------------------------------------
SUMMARY-	Entity Type					Count
SUMMARY-	------------------------------------------------------------------
SUMMARY-	Line .....................................:	17
SUMMARY-	Point ....................................:	2
SUMMARY-	Arc ......................................:	3
SUMMARY-	Circle ......................................:	12
SUMMARY-	Spline ...................................:	1
SUMMARY-	Solid Edges............................:	21
SUMMARY-	------------------------------------------------------------------
SUMMARY-	Total ....................................:	56
SUMMARY-	------------------------------------------------------------------
SUMMARY-
STATUS-
INFO-
INFO-		Writing File: C:\Users\Amit\Desktop\work\Project\Tailstock Assembly\part3_1.dxf
SUMMARY-	Summary of AutoCAD Output Entities
SUMMARY-	------------------------------------------------------------------
SUMMARY-	Entity Type					Count
SUMMARY-	------------------------------------------------------------------
SUMMARY-	Arc ......................................:	3
SUMMARY-	Circle ...................................:	12
SUMMARY-	Spline ...................................:	1
SUMMARY-	Point ....................................:	2
SUMMARY-	Line .....................................:	17
SUMMARY-	Layout ...................................:	6
SUMMARY-	------------------------------------------------------------------
SUMMARY-	Total ....................................:	41
SUMMARY-	------------------------------------------------------------------
SUMMARY-
INFO-
INFO-		End of Translation: Sun Jan 29 12:51:13 2017
INFO-		Translation CPU time: 0 m, 4 sINFO-
