UG to STEP
! INFO-     NX STEP AP214 - V11.0
! INFO-      
! INFO-     Start of Translation: 22-JUL-2017  11:49:48 AM
! INFO-      
! STATUS-   Converting Part: D:\Multi-Plate Clutch\Multi-Plate Clutch.prt
! SUMMARY-   
! SUMMARY-  Summary of Unigraphics Part Entities
! SUMMARY-  For Part: D:\Multi-Plate Clutch\Multi-Plate Clutch.prt 
! SUMMARY-  Entities Processed             Count
! SUMMARY-  ------------------             -----
! SUMMARY-  Part Attribute ..............:     1
! SUMMARY-  Font ........................:     1
! SUMMARY-  Color Table .................:     2
! SUMMARY-  Coordinate System ...........:     1
! SUMMARY-  Parameter ...................:     1
! SUMMARY-  Matrix ......................:     1
! SUMMARY-  Component ...................:    54
! SUMMARY-                                 -----
! SUMMARY-  Total                             61
! SUMMARY-   
! SUMMARY-  Summary of Unigraphics Part Entities
! SUMMARY-  For Part: Shell.prt 
! SUMMARY-  Entities Processed             Count
! SUMMARY-  ------------------             -----
! SUMMARY-  Part Attribute ..............:     1
! SUMMARY-  Font ........................:     1
! SUMMARY-  Color Table .................:     2
! SUMMARY-  Coordinate System ...........:     2
! SUMMARY-  Parameter ...................:     1
! SUMMARY-  Matrix ......................:     1
! SUMMARY-  Reference Set ...............:     1
! SUMMARY-  Solid .......................:
! SUMMARY-     Body .....................:     3
! SUMMARY-                                 -----
! SUMMARY-  Total                             12
! SUMMARY-   
! SUMMARY-  Summary of Unigraphics Part Entities
! SUMMARY-  For Part: Bush For Shell.prt 
! SUMMARY-  Entities Processed             Count
! SUMMARY-  ------------------             -----
! SUMMARY-  Part Attribute ..............:     1
! SUMMARY-  Font ........................:     1
! SUMMARY-  Color Table .................:     2
! SUMMARY-  Coordinate System ...........:     2
! SUMMARY-  Parameter ...................:     1
! SUMMARY-  Matrix ......................:     1
! SUMMARY-  Reference Set ...............:     1
! SUMMARY-  Solid .......................:
! SUMMARY-     Body .....................:     1
! SUMMARY-                                 -----
! SUMMARY-  Total                             10
! SUMMARY-   
! SUMMARY-  Summary of Unigraphics Part Entities
! SUMMARY-  For Part: Driving Shaft.prt 
! SUMMARY-  Entities Processed             Count
! SUMMARY-  ------------------             -----
! SUMMARY-  Part Attribute ..............:     1
! SUMMARY-  Font ........................:     1
! SUMMARY-  Color Table .................:     2
! SUMMARY-  Coordinate System ...........:     2
! SUMMARY-  Parameter ...................:     1
! SUMMARY-  Matrix ......................:     1
! SUMMARY-  Reference Set ...............:     1
! SUMMARY-  Solid .......................:
! SUMMARY-     Body .....................:     1
! SUMMARY-                                 -----
! SUMMARY-  Total                             10
! SUMMARY-   
! SUMMARY-  Summary of Unigraphics Part Entities
! SUMMARY-  For Part: Key.prt 
! SUMMARY-  Entities Processed             Count
! SUMMARY-  ------------------             -----
! SUMMARY-  Part Attribute ..............:     1
! SUMMARY-  Font ........................:     1
! SUMMARY-  Color Table .................:     2
! SUMMARY-  Coordinate System ...........:     2
! SUMMARY-  Parameter ...................:     1
! SUMMARY-  Matrix ......................:     1
! SUMMARY-  Reference Set ...............:     1
! SUMMARY-  Solid .......................:
! SUMMARY-     Body .....................:     1
! SUMMARY-                                 -----
! SUMMARY-  Total                             10
! SUMMARY-   
! SUMMARY-  Summary of Unigraphics Part Entities
! SUMMARY-  For Part: Centre Boss.prt 
! SUMMARY-  Entities Processed             Count
! SUMMARY-  ------------------             -----
! SUMMARY-  Part Attribute ..............:     1
! SUMMARY-  Font ........................:     1
! SUMMARY-  Color Table .................:     2
! SUMMARY-  Coordinate System ...........:     2
! SUMMARY-  Parameter ...................:     1
! SUMMARY-  Matrix ......................:     1
! SUMMARY-  Reference Set ...............:     1
! SUMMARY-  Solid .......................:
! SUMMARY-     Body .....................:     2
! SUMMARY-                                 -----
! SUMMARY-  Total                             11
! SUMMARY-   
! SUMMARY-  Summary of Unigraphics Part Entities
! SUMMARY-  For Part: Inner Friction Disk.prt 
! SUMMARY-  Entities Processed             Count
! SUMMARY-  ------------------             -----
! SUMMARY-  Part Attribute ..............:     1
! SUMMARY-  Font ........................:     1
! SUMMARY-  Color Table .................:     2
! SUMMARY-  Coordinate System ...........:     2
! SUMMARY-  Parameter ...................:     1
! SUMMARY-  Matrix ......................:     1
! SUMMARY-  Reference Set ...............:     1
! SUMMARY-  Solid .......................:
! SUMMARY-     Body .....................:     1
! SUMMARY-                                 -----
! SUMMARY-  Total                             10
! SUMMARY-   
! SUMMARY-  Summary of Unigraphics Part Entities
! SUMMARY-  For Part: Outer Friction Disk.prt 
! SUMMARY-  Entities Processed             Count
! SUMMARY-  ------------------             -----
! SUMMARY-  Part Attribute ..............:     1
! SUMMARY-  Font ........................:     1
! SUMMARY-  Color Table .................:     2
! SUMMARY-  Coordinate System ...........:     2
! SUMMARY-  Parameter ...................:     1
! SUMMARY-  Matrix ......................:     1
! SUMMARY-  Reference Set ...............:     1
! SUMMARY-  Solid .......................:
! SUMMARY-     Body .....................:     1
! SUMMARY-                                 -----
! SUMMARY-  Total                             10
! SUMMARY-   
! SUMMARY-  Summary of Unigraphics Part Entities
! SUMMARY-  For Part: Stud Carrier Disk.prt 
! SUMMARY-  Entities Processed             Count
! SUMMARY-  ------------------             -----
! SUMMARY-  Part Attribute ..............:     1
! SUMMARY-  Font ........................:     1
! SUMMARY-  Color Table .................:     2
! SUMMARY-  Coordinate System ...........:     2
! SUMMARY-  Parameter ...................:     1
! SUMMARY-  Matrix ......................:     1
! SUMMARY-  Reference Set ...............:     1
! SUMMARY-  Solid .......................:
! SUMMARY-     Body .....................:     1
! SUMMARY-                                 -----
! SUMMARY-  Total                             10
! SUMMARY-   
! SUMMARY-  Summary of Unigraphics Part Entities
! SUMMARY-  For Part: cover.prt 
! SUMMARY-  Entities Processed             Count
! SUMMARY-  ------------------             -----
! SUMMARY-  Part Attribute ..............:     1
! SUMMARY-  Font ........................:     1
! SUMMARY-  Color Table .................:     2
! SUMMARY-  Coordinate System ...........:     2
! SUMMARY-  Parameter ...................:     1
! SUMMARY-  Matrix ......................:     1
! SUMMARY-  Reference Set ...............:     1
! SUMMARY-  Solid .......................:
! SUMMARY-     Body .....................:     3
! SUMMARY-                                 -----
! SUMMARY-  Total                             12
! SUMMARY-   
! SUMMARY-  Summary of Unigraphics Part Entities
! SUMMARY-  For Part: Bush For Cover.prt 
! SUMMARY-  Entities Processed             Count
! SUMMARY-  ------------------             -----
! SUMMARY-  Part Attribute ..............:     1
! SUMMARY-  Font ........................:     1
! SUMMARY-  Color Table .................:     2
! SUMMARY-  Coordinate System ...........:     2
! SUMMARY-  Parameter ...................:     1
! SUMMARY-  Matrix ......................:     1
! SUMMARY-  Reference Set ...............:     1
! SUMMARY-  Solid .......................:
! SUMMARY-     Body .....................:     1
! SUMMARY-                                 -----
! SUMMARY-  Total                             10
! SUMMARY-   
! SUMMARY-  Summary of Unigraphics Part Entities
! SUMMARY-  For Part: Washer %%C8.4.prt 
! SUMMARY-  Entities Processed             Count
! SUMMARY-  ------------------             -----
! SUMMARY-  Part Attribute ..............:     1
! SUMMARY-  Font ........................:     1
! SUMMARY-  Color Table .................:     2
! SUMMARY-  Coordinate System ...........:     2
! SUMMARY-  Parameter ...................:     1
! SUMMARY-  Matrix ......................:     1
! SUMMARY-  Reference Set ...............:     1
! SUMMARY-  Solid .......................:
! SUMMARY-     Body .....................:     1
! SUMMARY-                                 -----
! SUMMARY-  Total                             10
! SUMMARY-   
! SUMMARY-  Summary of Unigraphics Part Entities
! SUMMARY-  For Part: Hex Head Screw.prt 
! SUMMARY-  Entities Processed             Count
! SUMMARY-  ------------------             -----
! SUMMARY-  Part Attribute ..............:     1
! SUMMARY-  Font ........................:     1
! SUMMARY-  Color Table .................:     2
! SUMMARY-  Coordinate System ...........:     2
! SUMMARY-  Parameter ...................:     1
! SUMMARY-  Matrix ......................:     1
! SUMMARY-  Reference Set ...............:     1
! SUMMARY-  Solid .......................:
! SUMMARY-     Body .....................:     1
! SUMMARY-                                 -----
! SUMMARY-  Total                             10
! SUMMARY-   
! SUMMARY-  Summary of Unigraphics Part Entities
! SUMMARY-  For Part: L Lever.prt 
! SUMMARY-  Entities Processed             Count
! SUMMARY-  ------------------             -----
! SUMMARY-  Part Attribute ..............:     1
! SUMMARY-  Font ........................:     1
! SUMMARY-  Color Table .................:     2
! SUMMARY-  Coordinate System ...........:     2
! SUMMARY-  Parameter ...................:     1
! SUMMARY-  Matrix ......................:     1
! SUMMARY-  Reference Set ...............:     1
! SUMMARY-  Solid .......................:
! SUMMARY-     Body .....................:     1
! SUMMARY-                                 -----
! SUMMARY-  Total                             10
! SUMMARY-   
! SUMMARY-  Summary of Unigraphics Part Entities
! SUMMARY-  For Part: pin for l lever.prt 
! SUMMARY-  Entities Processed             Count
! SUMMARY-  ------------------             -----
! SUMMARY-  Part Attribute ..............:     1
! SUMMARY-  Font ........................:     1
! SUMMARY-  Color Table .................:     2
! SUMMARY-  Coordinate System ...........:     2
! SUMMARY-  Parameter ...................:     1
! SUMMARY-  Matrix ......................:     1
! SUMMARY-  Reference Set ...............:     1
! SUMMARY-  Solid .......................:
! SUMMARY-     Body .....................:     2
! SUMMARY-                                 -----
! SUMMARY-  Total                             11
! SUMMARY-   
! SUMMARY-  Summary of Unigraphics Part Entities
! SUMMARY-  For Part: Jaw Lever.prt 
! SUMMARY-  Entities Processed             Count
! SUMMARY-  ------------------             -----
! SUMMARY-  Part Attribute ..............:     1
! SUMMARY-  Font ........................:     1
! SUMMARY-  Color Table .................:     2
! SUMMARY-  Coordinate System ...........:     2
! SUMMARY-  Parameter ...................:     1
! SUMMARY-  Matrix ......................:     1
! SUMMARY-  Reference Set ...............:     1
! SUMMARY-  Solid .......................:
! SUMMARY-     Body .....................:     4
! SUMMARY-                                 -----
! SUMMARY-  Total                             13
! SUMMARY-   
! SUMMARY-  Summary of Unigraphics Part Entities
! SUMMARY-  For Part: Sliding Sleeve.prt 
! SUMMARY-  Entities Processed             Count
! SUMMARY-  ------------------             -----
! SUMMARY-  Part Attribute ..............:     1
! SUMMARY-  Font ........................:     1
! SUMMARY-  Color Table .................:     2
! SUMMARY-  Coordinate System ...........:     4
! SUMMARY-  Parameter ...................:     1
! SUMMARY-  Matrix ......................:     3
! SUMMARY-  Reference Set ...............:     1
! SUMMARY-  Solid .......................:
! SUMMARY-     Body .....................:    19
! SUMMARY-                                 -----
! SUMMARY-  Total                             32
! SUMMARY-   
! SUMMARY-  Summary of Unigraphics Part Entities
! SUMMARY-  For Part: Bush For Sliding Sleeve.prt 
! SUMMARY-  Entities Processed             Count
! SUMMARY-  ------------------             -----
! SUMMARY-  Part Attribute ..............:     1
! SUMMARY-  Font ........................:     1
! SUMMARY-  Color Table .................:     2
! SUMMARY-  Coordinate System ...........:     2
! SUMMARY-  Parameter ...................:     1
! SUMMARY-  Matrix ......................:     1
! SUMMARY-  Reference Set ...............:     1
! SUMMARY-  Solid .......................:
! SUMMARY-     Body .....................:     1
! SUMMARY-                                 -----
! SUMMARY-  Total                             10
! SUMMARY-   
! SUMMARY-  Summary of Unigraphics Part Entities
! SUMMARY-  For Part: pin for sliding sleeve.prt 
! SUMMARY-  Entities Processed             Count
! SUMMARY-  ------------------             -----
! SUMMARY-  Part Attribute ..............:     1
! SUMMARY-  Font ........................:     1
! SUMMARY-  Color Table .................:     2
! SUMMARY-  Coordinate System ...........:     2
! SUMMARY-  Parameter ...................:     1
! SUMMARY-  Matrix ......................:     1
! SUMMARY-  Reference Set ...............:     1
! SUMMARY-  Solid .......................:
! SUMMARY-     Body .....................:     2
! SUMMARY-                                 -----
! SUMMARY-  Total                             11
! SUMMARY-   
! SUMMARY-  Summary of Unigraphics Part Entities
! SUMMARY-  For Part: Split Pin.prt 
! SUMMARY-  Entities Processed             Count
! SUMMARY-  ------------------             -----
! SUMMARY-  Part Attribute ..............:     1
! SUMMARY-  Font ........................:     1
! SUMMARY-  Color Table .................:     2
! SUMMARY-  Coordinate System ...........:     2
! SUMMARY-  Parameter ...................:     1
! SUMMARY-  Matrix ......................:     1
! SUMMARY-  Reference Set ...............:     1
! SUMMARY-  Solid .......................:
! SUMMARY-     Body .....................:     1
! SUMMARY-                                 -----
! SUMMARY-  Total                             10
! SUMMARY-   
! SUMMARY-  Summary of Unigraphics Part Entities
! SUMMARY-  For Part: Stud.prt 
! SUMMARY-  Entities Processed             Count
! SUMMARY-  ------------------             -----
! SUMMARY-  Part Attribute ..............:     1
! SUMMARY-  Font ........................:     1
! SUMMARY-  Color Table .................:     2
! SUMMARY-  Coordinate System ...........:     2
! SUMMARY-  Parameter ...................:     1
! SUMMARY-  Matrix ......................:     1
! SUMMARY-  Reference Set ...............:     1
! SUMMARY-  Solid .......................:
! SUMMARY-     Body .....................:     1
! SUMMARY-                                 -----
! SUMMARY-  Total                             10
! STATUS-    
! STATUS-   Converting to Output Form (Phase 2 of 3): 22-JUL-2017 11:50:10 AM
! STATUS-    
! STATUS-    
! STATUS-   Generating UG geometry and placing them in parts
! STATUS-    
! SUMMARY-   
! SUMMARY-    STEP Header Information
! SUMMARY-   
! SUMMARY-  Description      Unknown
! SUMMARY-  Imp_Level        1
! SUMMARY-  File_Name        Multi-Plate Clutch.stp
! SUMMARY-  Date             2017-07-22T11:50:10+05:00
! SUMMARY-  Author           Unknown
! SUMMARY-  Organization     Unknown
! SUMMARY-  Pre_Version      ST-DEVELOPER v16
! SUMMARY-  Orig_System      SIEMENS PLM Software NX 11.0
! SUMMARY-  Authorization    Unknown
! SUMMARY-   
! SUMMARY-    Summary of STEP Entities
! SUMMARY-   
! SUMMARY-  Entity Type                                                   Count
! SUMMARY-  -----------                                                   ------
! SUMMARY-  advanced_brep_shape_representation .........................:     20
! SUMMARY-  advanced_face ..............................................:    635
! SUMMARY-  application_context ........................................:      1
! SUMMARY-  application_protocol_definition ............................:      1
! SUMMARY-  axis2_placement_3d .........................................:   1138
! SUMMARY-  b_spline_curve_with_knots ..................................:    143
! SUMMARY-  b_spline_surface_with_knots ................................:     26
! SUMMARY-  cartesian_point ............................................:  30516
! SUMMARY-  circle .....................................................:    474
! SUMMARY-  closed_shell ...............................................:     48
! SUMMARY-  conical_surface ............................................:     12
! SUMMARY-  context_dependent_shape_representation .....................:     54
! SUMMARY-  conversion_based_unit_and_plane_angle_unit .................:      1
! SUMMARY-  cylindrical_surface ........................................:    218
! SUMMARY-  dimensional_exponents ......................................:      1
! SUMMARY-  direction ..................................................:   3079
! SUMMARY-  edge_curve .................................................:   1420
! SUMMARY-  edge_loop ..................................................:    841
! SUMMARY-  face_bound .................................................:    366
! SUMMARY-  face_outer_bound ...........................................:    477
! SUMMARY-  geometric_representation_context_and_global_uncertainty_a ..:     21
! SUMMARY-  item_defined_transformation ................................:     54
! SUMMARY-  length_unit_and_si_unit ....................................:      1
! SUMMARY-  line .......................................................:    803
! SUMMARY-  manifold_solid_brep ........................................:     48
! SUMMARY-  next_assembly_usage_occurrence .............................:     54
! SUMMARY-  oriented_edge ..............................................:   2840
! SUMMARY-  plane ......................................................:    367
! SUMMARY-  plane_angle_measure_with_unit ..............................:      1
! SUMMARY-  plane_angle_unit_and_si_unit ...............................:      1
! SUMMARY-  product ....................................................:     21
! SUMMARY-  product_context ............................................:     21
! SUMMARY-  product_definition .........................................:     21
! SUMMARY-  product_definition_context .................................:     21
! SUMMARY-  product_definition_formation_with_specified_source .........:     21
! SUMMARY-  product_definition_shape ...................................:     75
! SUMMARY-  product_related_product_category ...........................:     21
! SUMMARY-  representation_relationship_with_transformation_and_shape ..:     54
! SUMMARY-  shape_definition_representation ............................:     21
! SUMMARY-  shape_representation .......................................:     21
! SUMMARY-  shape_representation_relationship ..........................:     20
! SUMMARY-  si_unit_and_solid_angle_unit ...............................:      1
! SUMMARY-  spherical_surface ..........................................:      2
! SUMMARY-  toroidal_surface ...........................................:     10
! SUMMARY-  uncertainty_measure_with_unit ..............................:     21
! SUMMARY-  vector .....................................................:    803
! SUMMARY-  vertex_loop ................................................:      2
! SUMMARY-  vertex_point ...............................................:   1001
! SUMMARY-                                                               -------
! SUMMARY-  Total                                                          45818
! INFO-      
! INFO-     User interface/default file
! INFO-     Bspline aprx. value in effect for this translation : 2.540000e-002 mm
! INFO-      
! INFO-     Total number of solids input for this translation  :      48
! INFO-      
! INFO-     Number of solids processed without problems        :      48
! INFO-      
! INFO-     Number of solids with problems output as sheets    :       0
! INFO-      
! INFO-     Number of solids not processed                     :       0
! INFO-      
! INFO-     End of Translation: 22-JUL-2017  11:50:12 AM
! INFO-      
