UG to IGES
! INFO-     NX V10.0 / IGES Specification 5.3
! INFO-      
! INFO-     Start of Translation: 29-JAN-2017  12:47:43 PM
! INFO-      
! STATUS-   Converting Part: C:\Users\Amit\Desktop\work\Project\Tailstock Assembly\body.prt
! SUMMARY-   
! SUMMARY-  Summary of Unigraphics Input Entities
! SUMMARY-  For Part: C:\Users\Amit\Desktop\work\Project\Tailstock Assembly\body.prt 
! SUMMARY-  Entities Processed             Count
! SUMMARY-  ------------------             -----
! SUMMARY-  Point .......................:     5
! SUMMARY-  Line ........................:   361
! SUMMARY-  Arc/Circle ..................:   148
! SUMMARY-  Conic .......................:    23
! SUMMARY-  B-Curve .....................:   558
! SUMMARY-  Part Attribute ..............:     1
! SUMMARY-  Layer Category ..............:     6
! SUMMARY-  Font ........................:     2
! SUMMARY-  Color Table .................:     2
! SUMMARY-  Coordinate System ...........:     2
! SUMMARY-  Parameter ...................:     2
! SUMMARY-  Matrix ......................:    23
! SUMMARY-  View ........................:     8
! SUMMARY-  Layout ......................:     5
! SUMMARY-  Solid .......................:
! SUMMARY-     Face .....................:    85
! SUMMARY-  Trim Curve ..................:    97
! SUMMARY-                                 -----
! SUMMARY-  Total                           1328
! STATUS-    
! STATUS-   Converting to Output Form (Phase 2 of 3): 29-JAN-2017 12:47:45 PM
! STATUS-    
! STATUS-   Creating the IGES file (Phase 3 of 3): 29-JAN-2017  12:47:45 PM
! SUMMARY-   
! SUMMARY-  Summary of IGES Output Entities
! SUMMARY-   
! SUMMARY-  Entities Processed             Count
! SUMMARY-  ------------------             -----
! SUMMARY-  Point ........................     5
! SUMMARY-  Arc ..........................   148
! SUMMARY-  Line .........................   269
! SUMMARY-  Conic ........................    23
! SUMMARY-  BSpline Curve ................   466
! SUMMARY-  Composite Curve ..............   122
! SUMMARY-  Curve on Surface .............    74
! SUMMARY-  Plane ........................
! SUMMARY-      Unbounded ................    32
! SUMMARY-  Trimmed Surface ..............    62
! SUMMARY-  BSpline Surface ..............    85
! SUMMARY-  Color ........................     3
! SUMMARY-  Name .........................    75
! SUMMARY-  Transformation ...............    34
! SUMMARY-  Definition Levels ............     5
! SUMMARY-  Level Function ...............     5
! SUMMARY-  View .........................     8
! SUMMARY-                                 -----
! SUMMARY-  Total                           1416
! INFO-      
! INFO-     End of Translation: 29-JAN-2017  12:47:46 PM
! INFO-      
