UG to IGES
! INFO-     NX V10.0 / IGES Specification 5.3
! INFO-      
! INFO-     Start of Translation: 29-JAN-2017  12:56:45 PM
! INFO-      
! STATUS-   Converting Part: C:\Users\Amit\Desktop\work\Project\Tailstock Assembly\part15.prt
! SUMMARY-   
! SUMMARY-  Summary of Unigraphics Input Entities
! SUMMARY-  For Part: C:\Users\Amit\Desktop\work\Project\Tailstock Assembly\part15.prt 
! SUMMARY-  Entities Processed             Count
! SUMMARY-  ------------------             -----
! SUMMARY-  Point .......................:     1
! SUMMARY-  Line ........................:    91
! SUMMARY-  Arc/Circle ..................:     8
! SUMMARY-  B-Curve .....................:    84
! SUMMARY-  Part Attribute ..............:     1
! SUMMARY-  Layer Category ..............:     6
! SUMMARY-  Font ........................:     2
! SUMMARY-  Color Table .................:     2
! SUMMARY-  Coordinate System ...........:     2
! SUMMARY-  Parameter ...................:     2
! SUMMARY-  Matrix ......................:    10
! SUMMARY-  View ........................:     8
! SUMMARY-  Layout ......................:     5
! SUMMARY-  Solid .......................:
! SUMMARY-     Face .....................:    16
! SUMMARY-  Trim Curve ..................:    18
! SUMMARY-                                 -----
! SUMMARY-  Total                            256
! STATUS-    
! STATUS-   Converting to Output Form (Phase 2 of 3): 29-JAN-2017 12:56:46 PM
! STATUS-    
! STATUS-   Creating the IGES file (Phase 3 of 3): 29-JAN-2017  12:56:46 PM
! SUMMARY-   
! SUMMARY-  Summary of IGES Output Entities
! SUMMARY-   
! SUMMARY-  Entities Processed             Count
! SUMMARY-  ------------------             -----
! SUMMARY-  Point ........................     1
! SUMMARY-  Arc ..........................     8
! SUMMARY-  Line .........................    51
! SUMMARY-  BSpline Curve ................    44
! SUMMARY-  Composite Curve ..............    16
! SUMMARY-  Curve on Surface .............     8
! SUMMARY-  Plane ........................
! SUMMARY-      Unbounded ................    32
! SUMMARY-  Trimmed Surface ..............     6
! SUMMARY-  BSpline Surface ..............    16
! SUMMARY-  Color ........................     3
! SUMMARY-  Name .........................    23
! SUMMARY-  Transformation ...............    10
! SUMMARY-  Definition Levels ............     5
! SUMMARY-  Level Function ...............     5
! SUMMARY-  View .........................     8
! SUMMARY-                                 -----
! SUMMARY-  Total                            236
! INFO-      
! INFO-     End of Translation: 29-JAN-2017  12:56:46 PM
! INFO-      
