UG to IGES
! INFO-     NX V10.0 / IGES Specification 5.3
! INFO-      
! INFO-     Start of Translation: 29-JAN-2017  12:54:51 PM
! INFO-      
! STATUS-   Converting Part: C:\Users\Amit\Desktop\work\Project\Tailstock Assembly\part7.prt
! SUMMARY-   
! SUMMARY-  Summary of Unigraphics Input Entities
! SUMMARY-  For Part: C:\Users\Amit\Desktop\work\Project\Tailstock Assembly\part7.prt 
! SUMMARY-  Entities Processed             Count
! SUMMARY-  ------------------             -----
! SUMMARY-  Point .......................:     1
! SUMMARY-  Line ........................:    28
! SUMMARY-  B-Curve .....................:    24
! SUMMARY-  Part Attribute ..............:     1
! SUMMARY-  Layer Category ..............:     6
! SUMMARY-  Font ........................:     2
! SUMMARY-  Color Table .................:     2
! SUMMARY-  Coordinate System ...........:     2
! SUMMARY-  Parameter ...................:     2
! SUMMARY-  Matrix ......................:     8
! SUMMARY-  View ........................:     8
! SUMMARY-  Layout ......................:     5
! SUMMARY-  Solid .......................:
! SUMMARY-     Face .....................:     6
! SUMMARY-  Trim Curve ..................:     6
! SUMMARY-                                 -----
! SUMMARY-  Total                            101
! STATUS-    
! STATUS-   Converting to Output Form (Phase 2 of 3): 29-JAN-2017 12:54:51 PM
! STATUS-    
! STATUS-   Creating the IGES file (Phase 3 of 3): 29-JAN-2017  12:54:51 PM
! SUMMARY-   
! SUMMARY-  Summary of IGES Output Entities
! SUMMARY-   
! SUMMARY-  Entities Processed             Count
! SUMMARY-  ------------------             -----
! SUMMARY-  Point ........................     1
! SUMMARY-  Line .........................     4
! SUMMARY-  Plane ........................
! SUMMARY-      Unbounded ................    32
! SUMMARY-  BSpline Surface ..............     6
! SUMMARY-  Color ........................     3
! SUMMARY-  Name .........................    12
! SUMMARY-  Transformation ...............     8
! SUMMARY-  Definition Levels ............     5
! SUMMARY-  Level Function ...............     5
! SUMMARY-  View .........................     8
! SUMMARY-                                 -----
! SUMMARY-  Total                             84
! INFO-      
! INFO-     End of Translation: 29-JAN-2017  12:54:51 PM
! INFO-      
